
> dev
> react-router dev

[33mThe `envFile` option is deprecated, please use `envDir: false` instead.[39m
[33mThe `envFile` option is deprecated, please use `envDir: false` instead.[39m
[33mThe `envFile` option is deprecated, please use `envDir: false` instead.[39m
[2m09.56.55[22m [36m[1m[vite][22m[39m [90m[2m(client)[22m[39m Re-optimizing dependencies because vite config has changed
Port 5173 is in use, trying another one...
Port 5174 is in use, trying another one...
  [32m➜[39m  [1mLocal[22m:   [36mhttp://localhost:[1m5175[22m/[39m
[2m  [32m➜[39m  [1mNetwork[22m[2m: use [22m[1m--host[22m[2m to expose[22m
[2m09.56.57[22m [36m[1m[vite][22m[39m [90m[2m(client)[22m[39m [optimizer] bundling dependencies...
[2m09.59.21[22m [36m[1m[vite][22m[39m [34m[2m(ssr)[22m[39m connected.
[2m09.59.28[22m [36m[1m[vite][22m[39m [90m[2m(client)[22m[39m [32mdependencies optimized: [33maxios, lucide-react, sonner, zustand, zustand/middleware[32m[39m
[2m09.59.28[22m [36m[1m[vite][22m[39m [90m[2m(client)[22m[39m [32moptimized dependencies changed. reloading[39m
[2m10.12.37[22m [36m[1m[vite][22m[39m [90m[2m(client)[22m[39m [32mhmr update [39m[2m/app/routes/layout.tsx, /app/views/auth/LoginView.tsx, /app/views/auth/RegisterView.tsx, /app/views/dashboard/DashboardView.tsx[22m
[2m10.12.37[22m [36m[1m[vite][22m[39m [90m[2m(client)[22m[39m [32mhmr update [39m[2m/app/routes/layout.tsx, /app/views/auth/LoginView.tsx, /app/views/auth/RegisterView.tsx, /app/views/dashboard/DashboardView.tsx[22m
[2m10.12.37[22m [36m[1m[vite][22m[39m [90m[2m(client)[22m[39m [32mhmr update [39m[2m/app/routes/layout.tsx, /app/views/auth/LoginView.tsx, /app/views/auth/RegisterView.tsx, /app/views/dashboard/DashboardView.tsx, /app/app.css[22m
[2m10.12.37[22m [36m[1m[vite][22m[39m [34m[2m(ssr)[22m[39m [32mpage reload [39m[2mapp/api/auth.ts[22m
[2m10.12.37[22m [36m[1m[vite][22m[39m [34m[2m(ssr)[22m[39m program reload
[2m10.12.48[22m [36m[1m[vite][22m[39m [90m[2m(client)[22m[39m [32mhmr update [39m[2m/app/views/auth/LoginView.tsx[22m
[2m10.12.48[22m [36m[1m[vite][22m[39m [90m[2m(client)[22m[39m [32mhmr update [39m[2m/app/views/auth/LoginView.tsx[22m
[2m10.12.48[22m [36m[1m[vite][22m[39m [90m[2m(client)[22m[39m [32mhmr update [39m[2m/app/views/auth/LoginView.tsx, /app/app.css[22m
[2m10.12.48[22m [36m[1m[vite][22m[39m [34m[2m(ssr)[22m[39m [32mpage reload [39m[2mapp/views/auth/LoginView.tsx[22m
[2m10.12.48[22m [36m[1m[vite][22m[39m [34m[2m(ssr)[22m[39m program reload
[2m10.12.49[22m [36m[1m[react-router][22m[39m [32mConfig saved[39m
[2m10.12.49[22m [36m[1m[react-router][22m[39m [32mConfig saved[39m
[2m10.13.16[22m [36m[1m[vite][22m[39m [90m[2m(client)[22m[39m [32mhmr update [39m[2m/app/routes/layout.tsx, /app/views/auth/LoginView.tsx, /app/views/auth/RegisterView.tsx, /app/views/dashboard/DashboardView.tsx[22m
[2m10.13.16[22m [36m[1m[vite][22m[39m [90m[2m(client)[22m[39m [32mhmr update [39m[2m/app/routes/layout.tsx, /app/views/auth/LoginView.tsx, /app/views/auth/RegisterView.tsx, /app/views/dashboard/DashboardView.tsx[22m
[2m10.13.16[22m [36m[1m[vite][22m[39m [90m[2m(client)[22m[39m [32mhmr update [39m[2m/app/routes/layout.tsx, /app/views/auth/LoginView.tsx, /app/views/auth/RegisterView.tsx, /app/views/dashboard/DashboardView.tsx, /app/app.css[22m
[2m10.13.16[22m [36m[1m[vite][22m[39m [34m[2m(ssr)[22m[39m [32mpage reload [39m[2mapp/api/client.ts[22m
[2m10.13.16[22m [36m[1m[vite][22m[39m [34m[2m(ssr)[22m[39m program reload
[2m10.13.17[22m [36m[1m[react-router][22m[39m [32mConfig saved[39m
[2m10.13.17[22m [36m[1m[react-router][22m[39m [32mConfig saved[39m
[2m10.13.36[22m [36m[1m[vite][22m[39m [90m[2m(client)[22m[39m [32mhmr update [39m[2m/app/routes/layout.tsx, /app/views/auth/LoginView.tsx, /app/views/auth/RegisterView.tsx, /app/views/dashboard/DashboardView.tsx[22m
[2m10.13.36[22m [36m[1m[vite][22m[39m [90m[2m(client)[22m[39m [32mhmr update [39m[2m/app/routes/layout.tsx, /app/views/auth/LoginView.tsx, /app/views/auth/RegisterView.tsx, /app/views/dashboard/DashboardView.tsx[22m
[2m10.13.36[22m [36m[1m[vite][22m[39m [90m[2m(client)[22m[39m [32mhmr update [39m[2m/app/routes/layout.tsx, /app/views/auth/LoginView.tsx, /app/views/auth/RegisterView.tsx, /app/views/dashboard/DashboardView.tsx, /app/app.css[22m
[2m10.13.36[22m [36m[1m[vite][22m[39m [34m[2m(ssr)[22m[39m [32mpage reload [39m[2mapp/api/client.ts[22m
[2m10.13.36[22m [36m[1m[vite][22m[39m [34m[2m(ssr)[22m[39m program reload
[2m10.13.36[22m [36m[1m[react-router][22m[39m [32mConfig saved[39m
[2m10.13.36[22m [36m[1m[react-router][22m[39m [32mConfig saved[39m
[2m10.15.51[22m [36m[1m[vite][22m[39m [90m[2m(client)[22m[39m [32mhmr update [39m[2m/app/views/auth/RegisterView.tsx[22m
[2m10.15.51[22m [36m[1m[vite][22m[39m [90m[2m(client)[22m[39m [32mhmr update [39m[2m/app/views/auth/RegisterView.tsx[22m
[2m10.15.51[22m [36m[1m[vite][22m[39m [90m[2m(client)[22m[39m [32mhmr update [39m[2m/app/views/auth/RegisterView.tsx, /app/app.css[22m
[2m10.15.51[22m [36m[1m[vite][22m[39m [34m[2m(ssr)[22m[39m [32mpage reload [39m[2mapp/views/auth/RegisterView.tsx[22m
[2m10.15.51[22m [36m[1m[vite][22m[39m [34m[2m(ssr)[22m[39m program reload
[2m10.15.53[22m [36m[1m[vite][22m[39m [90m[2m(client)[22m[39m [32mhmr update [39m[2m/app/views/auth/RegisterView.tsx[22m
[2m10.15.53[22m [36m[1m[vite][22m[39m [90m[2m(client)[22m[39m [32mhmr update [39m[2m/app/views/auth/RegisterView.tsx[22m
[2m10.15.53[22m [36m[1m[vite][22m[39m [90m[2m(client)[22m[39m [32mhmr update [39m[2m/app/views/auth/RegisterView.tsx, /app/app.css[22m
[2m10.15.53[22m [36m[1m[vite][22m[39m [34m[2m(ssr)[22m[39m [32mpage reload [39m[2mapp/views/auth/RegisterView.tsx[22m
[2m10.15.53[22m [36m[1m[vite][22m[39m [34m[2m(ssr)[22m[39m program reload
[2m10.15.55[22m [36m[1m[vite][22m[39m [90m[2m(client)[22m[39m [32mhmr update [39m[2m/app/views/auth/RegisterView.tsx[22m
[2m10.15.55[22m [36m[1m[vite][22m[39m [90m[2m(client)[22m[39m [32mhmr update [39m[2m/app/views/auth/RegisterView.tsx[22m
[2m10.15.55[22m [36m[1m[vite][22m[39m [90m[2m(client)[22m[39m [32mhmr update [39m[2m/app/views/auth/RegisterView.tsx, /app/app.css[22m
[2m10.15.55[22m [36m[1m[vite][22m[39m [34m[2m(ssr)[22m[39m [32mpage reload [39m[2mapp/views/auth/RegisterView.tsx[22m
[2m10.15.55[22m [36m[1m[vite][22m[39m [34m[2m(ssr)[22m[39m program reload
[2m10.15.57[22m [36m[1m[vite][22m[39m [90m[2m(client)[22m[39m [32mhmr update [39m[2m/app/views/auth/RegisterView.tsx[22m
[2m10.15.57[22m [36m[1m[vite][22m[39m [90m[2m(client)[22m[39m [32mhmr update [39m[2m/app/views/auth/RegisterView.tsx[22m
[2m10.15.57[22m [36m[1m[vite][22m[39m [90m[2m(client)[22m[39m [32mhmr update [39m[2m/app/views/auth/RegisterView.tsx, /app/app.css[22m
[2m10.15.57[22m [36m[1m[vite][22m[39m [34m[2m(ssr)[22m[39m [32mpage reload [39m[2mapp/views/auth/RegisterView.tsx[22m
[2m10.15.57[22m [36m[1m[vite][22m[39m [34m[2m(ssr)[22m[39m program reload
[2m10.17.41[22m [36m[1m[vite][22m[39m [34m[2m(ssr)[22m[39m program reload
[2m10.17.45[22m [36m[1m[vite][22m[39m [34m[2m(ssr)[22m[39m program reload
[2m10.17.46[22m [36m[1m[vite][22m[39m [90m[2m(client)[22m[39m [32mpage reload [39m[2mgraphify-out/graph.html[22m
[2m10.17.46[22m [36m[1m[vite][22m[39m [34m[2m(ssr)[22m[39m program reload
[2m10.17.47[22m [36m[1m[vite][22m[39m [34m[2m(ssr)[22m[39m program reload
[2m10.17.47[22m [36m[1m[vite][22m[39m [34m[2m(ssr)[22m[39m program reload
[2m10.17.47[22m [36m[1m[vite][22m[39m [34m[2m(ssr)[22m[39m program reload
[2m10.17.47[22m [36m[1m[vite][22m[39m [34m[2m(ssr)[22m[39m program reload
[2m10.17.47[22m [36m[1m[vite][22m[39m [34m[2m(ssr)[22m[39m program reload
[2m10.17.47[22m [36m[1m[vite][22m[39m [34m[2m(ssr)[22m[39m program reload
[2m10.17.47[22m [36m[1m[vite][22m[39m [34m[2m(ssr)[22m[39m program reload
[2m10.17.47[22m [36m[1m[vite][22m[39m [34m[2m(ssr)[22m[39m program reload
[2m10.17.47[22m [36m[1m[vite][22m[39m [34m[2m(ssr)[22m[39m program reload
[2m10.54.05[22m [36m[1m[vite][22m[39m [32mvite.config.ts changed, restarting server...[39m
[33mThe `envFile` option is deprecated, please use `envDir: false` instead.[39m
[33mThe `envFile` option is deprecated, please use `envDir: false` instead.[39m
[33mThe `envFile` option is deprecated, please use `envDir: false` instead.[39m
[2m10.54.07[22m [36m[1m[vite][22m[39m [90m[2m(client)[22m[39m Re-optimizing dependencies because vite config has changed
[2m10.54.08[22m [36m[1m[vite][22m[39m server restarted.
[2m10.54.10[22m [36m[1m[vite][22m[39m [90m[2m(client)[22m[39m [optimizer] bundling dependencies...
[2m10.55.10[22m [36m[1m[vite][22m[39m [32mvite.config.ts changed, restarting server...[39m
[33mThe `envFile` option is deprecated, please use `envDir: false` instead.[39m
[33mThe `envFile` option is deprecated, please use `envDir: false` instead.[39m
[33mThe `envFile` option is deprecated, please use `envDir: false` instead.[39m
[2m10.55.11[22m [36m[1m[vite][22m[39m server restarted.
[2m10.56.40[22m [36m[1m[vite][22m[39m [32mvite.config.ts changed, restarting server...[39m
[33mThe `envFile` option is deprecated, please use `envDir: false` instead.[39m
[33mThe `envFile` option is deprecated, please use `envDir: false` instead.[39m
[33mThe `envFile` option is deprecated, please use `envDir: false` instead.[39m
[2m10.56.41[22m [36m[1m[vite][22m[39m server restarted.
[2m10.57.50[22m [36m[1m[vite][22m[39m [32mvite.config.ts changed, restarting server...[39m
[33mThe `envFile` option is deprecated, please use `envDir: false` instead.[39m
[33mThe `envFile` option is deprecated, please use `envDir: false` instead.[39m
[33mThe `envFile` option is deprecated, please use `envDir: false` instead.[39m
[2m10.57.51[22m [36m[1m[vite][22m[39m [90m[2m(client)[22m[39m Re-optimizing dependencies because vite config has changed
[2m10.57.52[22m [36m[1m[vite][22m[39m server restarted.
[2m10.57.54[22m [36m[1m[vite][22m[39m [90m[2m(client)[22m[39m [optimizer] bundling dependencies...
[2m11.15.18[22m [36m[1m[react-router][22m[39m [32mConfig saved[39m
[2m11.15.18[22m [36m[1m[react-router][22m[39m [32mConfig saved[39m
[2m11.16.55[22m [36m[1m[react-router][22m[39m [32mConfig saved[39m
[2m11.16.56[22m [36m[1m[react-router][22m[39m [32mConfig saved[39m
[2m11.20.09[22m [36m[1m[react-router][22m[39m [32mConfig saved[39m
[2m11.20.09[22m [36m[1m[react-router][22m[39m [32mConfig saved[39m
[2m11.20.14[22m [36m[1m[react-router][22m[39m [32mConfig saved[39m
[2m11.20.15[22m [36m[1m[react-router][22m[39m [32mConfig saved[39m
[2m11.21.36[22m [36m[1m[react-router][22m[39m [32mConfig saved[39m
[2m11.21.36[22m [36m[1m[react-router][22m[39m [32mConfig saved[39m
[2m11.24.50[22m [36m[1m[react-router][22m[39m [32mConfig saved[39m
[2m11.24.51[22m [36m[1m[react-router][22m[39m [32mConfig saved[39m
[2m11.25.07[22m [36m[1m[react-router][22m[39m [32mConfig saved[39m
[2m11.25.07[22m [36m[1m[react-router][22m[39m [32mConfig saved[39m
[2m11.42.31[22m [36m[1m[react-router][22m[39m [32mConfig saved[39m
[2m11.42.31[22m [36m[1m[react-router][22m[39m [32mConfig saved[39m
[2m11.45.37[22m [36m[1m[react-router][22m[39m [32mConfig saved[39m
[2m11.45.38[22m [36m[1m[react-router][22m[39m [32mConfig saved[39m
[2m11.57.16[22m [36m[1m[react-router][22m[39m [32mConfig saved[39m
[2m11.57.16[22m [36m[1m[react-router][22m[39m [32mConfig saved[39m
[2m11.59.41[22m [36m[1m[react-router][22m[39m [32mConfig saved[39m
[2m11.59.41[22m [36m[1m[react-router][22m[39m [32mConfig saved[39m
[2m12.00.22[22m [36m[1m[react-router][22m[39m [32mConfig saved[39m
[2m12.00.22[22m [36m[1m[react-router][22m[39m [32mConfig saved[39m
[2m12.01.17[22m [36m[1m[react-router][22m[39m [32mConfig saved[39m
[2m12.01.17[22m [36m[1m[react-router][22m[39m [32mConfig saved[39m
[2m12.02.57[22m [36m[1m[react-router][22m[39m [32mConfig saved[39m
[2m12.02.57[22m [36m[1m[react-router][22m[39m [32mConfig saved[39m
[2m13.38.48[22m [36m[1m[react-router][22m[39m [32mConfig saved[39m
[2m13.38.48[22m [36m[1m[react-router][22m[39m [32mConfig saved[39m
[2m13.39.07[22m [36m[1m[react-router][22m[39m [32mConfig saved[39m
[2m13.39.07[22m [36m[1m[react-router][22m[39m [32mConfig saved[39m
[2m13.39.07[22m [36m[1m[react-router][22m[39m [32mConfig saved[39m
[2m13.39.07[22m [36m[1m[react-router][22m[39m [32mConfig saved[39m
[2m13.39.07[22m [36m[1m[react-router][22m[39m [32mConfig saved[39m
[2m13.39.07[22m [36m[1m[react-router][22m[39m [32mConfig saved[39m
[2m13.41.38[22m [36m[1m[react-router][22m[39m [32mConfig saved[39m
[2m13.41.38[22m [36m[1m[react-router][22m[39m [32mConfig saved[39m
[2m13.41.38[22m [36m[1m[react-router][22m[39m [32mConfig saved[39m
[2m13.41.38[22m [36m[1m[react-router][22m[39m [32mConfig saved[39m
[2m13.41.38[22m [36m[1m[react-router][22m[39m [32mConfig saved[39m
[2m13.41.38[22m [36m[1m[react-router][22m[39m [32mConfig saved[39m
[2m13.41.38[22m [36m[1m[react-router][22m[39m [32mConfig saved[39m
[2m13.41.38[22m [36m[1m[react-router][22m[39m [32mConfig saved[39m
[2m13.44.24[22m [36m[1m[react-router][22m[39m [32mConfig saved[39m
[2m13.44.25[22m [36m[1m[react-router][22m[39m [32mConfig saved[39m
[2m13.50.51[22m [36m[1m[react-router][22m[39m [32mConfig saved[39m
[2m13.50.51[22m [36m[1m[react-router][22m[39m [32mConfig saved[39m
[2m13.54.43[22m [36m[1m[react-router][22m[39m [32mConfig saved[39m
[2m13.54.43[22m [36m[1m[react-router][22m[39m [32mConfig saved[39m
[2m14.06.38[22m [36m[1m[react-router][22m[39m [32mConfig saved[39m
[2m14.06.38[22m [36m[1m[react-router][22m[39m [32mConfig saved[39m
[2m14.07.22[22m [36m[1m[react-router][22m[39m [32mConfig saved[39m
[2m14.14.07[22m [36m[1m[react-router][22m[39m [32mConfig saved[39m
[2m14.21.27[22m [36m[1m[react-router][22m[39m [32mConfig saved[39m
[2m14.21.27[22m [36m[1m[react-router][22m[39m [32mConfig saved[39m
[2m14.21.27[22m [36m[1m[react-router][22m[39m [32mConfig saved[39m
[2m14.21.28[22m [36m[1m[react-router][22m[39m [32mConfig saved[39m
[2m14.45.42[22m [36m[1m[react-router][22m[39m [32mConfig saved[39m
[2m14.45.42[22m [36m[1m[react-router][22m[39m [32mConfig saved[39m
[2m14.45.58[22m [36m[1m[react-router][22m[39m [32mConfig saved[39m
[2m14.45.59[22m [36m[1m[react-router][22m[39m [32mConfig saved[39m
[2m14.46.18[22m [36m[1m[react-router][22m[39m [32mConfig saved[39m
[2m14.46.18[22m [36m[1m[react-router][22m[39m [32mConfig saved[39m
[2m14.48.26[22m [36m[1m[vite][22m[39m [90m[2m(client)[22m[39m [32mpage reload [39m[2mbuild/client/stats.html[22m
[2m14.48.33[22m [36m[1m[vite][22m[39m [90m[2m(client)[22m[39m [32mpage reload [39m[2mbuild/client/stats.html[22m
[2m14.48.35[22m [36m[1m[vite][22m[39m [90m[2m(client)[22m[39m [32mpage reload [39m[2mbuild/client/stats.html[22m
[2m14.49.02[22m [36m[1m[vite][22m[39m [90m[2m(client)[22m[39m [32mpage reload [39m[2mgraphify-out/graph.html[22m
[2m14.56.13[22m [36m[1m[react-router][22m[39m [32mConfig saved[39m
[2m14.57.52[22m [36m[1m[vite][22m[39m [90m[2m(client)[22m[39m [32mpage reload [39m[2mbuild/client/stats.html[22m
[2m14.57.56[22m [36m[1m[vite][22m[39m [90m[2m(client)[22m[39m [32mpage reload [39m[2mbuild/client/stats.html[22m
[2m14.57.57[22m [36m[1m[vite][22m[39m [90m[2m(client)[22m[39m [32mpage reload [39m[2mbuild/client/stats.html[22m
[2m14.58.42[22m [36m[1m[vite][22m[39m [90m[2m(client)[22m[39m [32mpage reload [39m[2mgraphify-out/graph.html[22m
[2m15.12.03[22m [36m[1m[react-router][22m[39m [32mConfig saved[39m
[2m15.14.48[22m [36m[1m[react-router][22m[39m [32mConfig saved[39m
[2m16.23.57[22m [36m[1m[react-router][22m[39m [32mConfig saved[39m
[2m16.24.26[22m [36m[1m[react-router][22m[39m [32mConfig saved[39m
[2m16.24.26[22m [36m[1m[react-router][22m[39m [32mConfig saved[39m
[2m16.24.26[22m [36m[1m[react-router][22m[39m [32mConfig saved[39m
[2m16.24.30[22m [36m[1m[react-router][22m[39m [32mConfig saved[39m
[2m16.24.30[22m [36m[1m[react-router][22m[39m [32mConfig saved[39m
[2m16.24.30[22m [36m[1m[react-router][22m[39m [32mConfig saved[39m
[2m16.24.32[22m [36m[1m[react-router][22m[39m [32mConfig saved[39m
[2m16.24.32[22m [36m[1m[react-router][22m[39m [32mConfig saved[39m
[2m16.24.32[22m [36m[1m[react-router][22m[39m [32mConfig saved[39m
[2m16.25.31[22m [36m[1m[react-router][22m[39m [32mConfig saved[39m
[2m16.25.32[22m [36m[1m[react-router][22m[39m [32mConfig saved[39m
[2m16.27.21[22m [36m[1m[react-router][22m[39m [32mConfig saved[39m
[2m16.27.21[22m [36m[1m[react-router][22m[39m [32mConfig saved[39m
[2m16.29.15[22m [36m[1m[react-router][22m[39m [32mConfig saved[39m
[2m16.29.15[22m [36m[1m[react-router][22m[39m [32mConfig saved[39m
[2m16.29.48[22m [36m[1m[react-router][22m[39m [32mConfig saved[39m
[2m16.30.53[22m [36m[1m[react-router][22m[39m [32mConfig saved[39m
[2m16.30.53[22m [36m[1m[react-router][22m[39m [32mConfig saved[39m
[2m16.31.52[22m [36m[1m[react-router][22m[39m [32mConfig saved[39m
[2m16.31.52[22m [36m[1m[react-router][22m[39m [32mConfig saved[39m
[2m16.32.54[22m [36m[1m[react-router][22m[39m [32mConfig saved[39m
[2m16.32.54[22m [36m[1m[react-router][22m[39m [32mConfig saved[39m
[2m16.32.58[22m [36m[1m[react-router][22m[39m [32mConfig saved[39m
[2m16.32.58[22m [36m[1m[react-router][22m[39m [32mConfig saved[39m
[2m16.34.25[22m [36m[1m[react-router][22m[39m [32mConfig saved[39m
[2m16.34.25[22m [36m[1m[react-router][22m[39m [32mConfig saved[39m
[2m18.55.20[22m [36m[1m[react-router][22m[39m [32mConfig saved[39m
[2m18.55.21[22m [36m[1m[react-router][22m[39m [32mConfig saved[39m
[2m18.55.31[22m [36m[1m[react-router][22m[39m [32mConfig saved[39m
[2m18.55.31[22m [36m[1m[react-router][22m[39m [32mConfig saved[39m
[2m18.56.26[22m [36m[1m[react-router][22m[39m [32mConfig saved[39m
[2m18.56.26[22m [36m[1m[react-router][22m[39m [32mConfig saved[39m
[2m19.09.37[22m [36m[1m[react-router][22m[39m [32mConfig saved[39m
[2m19.09.38[22m [36m[1m[react-router][22m[39m [32mConfig saved[39m
[2m19.09.59[22m [36m[1m[react-router][22m[39m [32mConfig saved[39m
[2m19.09.59[22m [36m[1m[react-router][22m[39m [32mConfig saved[39m
[2m05.56.56[22m [36m[1m[react-router][22m[39m [32mConfig saved[39m
[2m05.56.56[22m [36m[1m[react-router][22m[39m [32mConfig saved[39m
[2m05.57.08[22m [36m[1m[react-router][22m[39m [32mConfig saved[39m
[2m05.57.08[22m [36m[1m[react-router][22m[39m [32mConfig saved[39m
[2m05.57.19[22m [36m[1m[react-router][22m[39m [32mConfig saved[39m
[2m05.57.19[22m [36m[1m[react-router][22m[39m [32mConfig saved[39m
[2m05.57.30[22m [36m[1m[react-router][22m[39m [32mConfig saved[39m
[2m05.57.30[22m [36m[1m[react-router][22m[39m [32mConfig saved[39m
[2m05.57.46[22m [36m[1m[react-router][22m[39m [32mConfig saved[39m
[2m05.57.46[22m [36m[1m[react-router][22m[39m [32mConfig saved[39m
[2m05.58.01[22m [36m[1m[react-router][22m[39m [32mConfig saved[39m
[2m05.58.01[22m [36m[1m[react-router][22m[39m [32mConfig saved[39m
[2m05.58.13[22m [36m[1m[react-router][22m[39m [32mConfig saved[39m
[2m05.58.13[22m [36m[1m[react-router][22m[39m [32mConfig saved[39m
[2m05.58.35[22m [36m[1m[react-router][22m[39m [32mConfig saved[39m
[2m05.58.35[22m [36m[1m[react-router][22m[39m [32mConfig saved[39m
[2m05.59.14[22m [36m[1m[react-router][22m[39m [32mConfig saved[39m
[2m05.59.14[22m [36m[1m[react-router][22m[39m [32mConfig saved[39m
[2m06.00.13[22m [36m[1m[react-router][22m[39m [32mConfig saved[39m
[2m06.00.13[22m [36m[1m[react-router][22m[39m [32mConfig saved[39m
[2m06.05.39[22m [36m[1m[react-router][22m[39m [32mConfig saved[39m
[2m06.05.39[22m [36m[1m[react-router][22m[39m [32mConfig saved[39m
[2m06.05.44[22m [36m[1m[react-router][22m[39m [32mConfig saved[39m
[2m06.05.44[22m [36m[1m[react-router][22m[39m [32mConfig saved[39m
[2m06.05.55[22m [36m[1m[react-router][22m[39m [32mConfig saved[39m
[2m06.05.55[22m [36m[1m[react-router][22m[39m [32mConfig saved[39m
[2m06.06.00[22m [36m[1m[react-router][22m[39m [32mConfig saved[39m
[2m06.06.00[22m [36m[1m[react-router][22m[39m [32mConfig saved[39m
[2m06.06.24[22m [36m[1m[react-router][22m[39m [32mConfig saved[39m
[2m06.06.24[22m [36m[1m[react-router][22m[39m [32mConfig saved[39m
[2m06.06.35[22m [36m[1m[react-router][22m[39m [32mConfig saved[39m
[2m06.06.35[22m [36m[1m[react-router][22m[39m [32mConfig saved[39m
[2m06.06.42[22m [36m[1m[react-router][22m[39m [32mConfig saved[39m
[2m06.06.42[22m [36m[1m[react-router][22m[39m [32mConfig saved[39m
[2m06.07.01[22m [36m[1m[react-router][22m[39m [32mConfig saved[39m
[2m06.07.01[22m [36m[1m[react-router][22m[39m [32mConfig saved[39m
[2m06.07.32[22m [36m[1m[react-router][22m[39m [32mConfig saved[39m
[2m06.07.32[22m [36m[1m[react-router][22m[39m [32mConfig saved[39m
[2m06.07.37[22m [36m[1m[react-router][22m[39m [32mConfig saved[39m
[2m06.07.37[22m [36m[1m[react-router][22m[39m [32mConfig saved[39m
[2m06.07.42[22m [36m[1m[react-router][22m[39m [32mConfig saved[39m
[2m06.07.42[22m [36m[1m[react-router][22m[39m [32mConfig saved[39m
[2m06.07.46[22m [36m[1m[react-router][22m[39m [32mConfig saved[39m
[2m06.07.46[22m [36m[1m[react-router][22m[39m [32mConfig saved[39m
[2m06.07.51[22m [36m[1m[react-router][22m[39m [32mConfig saved[39m
[2m06.07.51[22m [36m[1m[react-router][22m[39m [32mConfig saved[39m
[2m06.08.14[22m [36m[1m[react-router][22m[39m [32mConfig saved[39m
[2m06.08.14[22m [36m[1m[react-router][22m[39m [32mConfig saved[39m
[2m06.08.15[22m [36m[1m[react-router][22m[39m [32mConfig saved[39m
[2m06.08.15[22m [36m[1m[react-router][22m[39m [32mConfig saved[39m
[2m06.08.16[22m [36m[1m[react-router][22m[39m [32mConfig saved[39m
[2m06.08.16[22m [36m[1m[react-router][22m[39m [32mConfig saved[39m
[2m06.08.16[22m [36m[1m[react-router][22m[39m [32mConfig saved[39m
[2m06.08.16[22m [36m[1m[react-router][22m[39m [32mConfig saved[39m
[2m06.08.17[22m [36m[1m[react-router][22m[39m [32mConfig saved[39m
[2m06.08.17[22m [36m[1m[react-router][22m[39m [32mConfig saved[39m
[2m06.08.22[22m [36m[1m[react-router][22m[39m [32mConfig saved[39m
[2m06.08.22[22m [36m[1m[react-router][22m[39m [32mConfig saved[39m
[2m06.08.27[22m [36m[1m[react-router][22m[39m [32mConfig saved[39m
[2m06.08.27[22m [36m[1m[react-router][22m[39m [32mConfig saved[39m
[2m06.08.33[22m [36m[1m[react-router][22m[39m [32mConfig saved[39m
[2m06.08.33[22m [36m[1m[react-router][22m[39m [32mConfig saved[39m
[2m06.08.38[22m [36m[1m[react-router][22m[39m [32mConfig saved[39m
[2m06.08.38[22m [36m[1m[react-router][22m[39m [32mConfig saved[39m
[2m06.08.43[22m [36m[1m[react-router][22m[39m [32mConfig saved[39m
[2m06.08.43[22m [36m[1m[react-router][22m[39m [32mConfig saved[39m
[2m06.08.48[22m [36m[1m[react-router][22m[39m [32mConfig saved[39m
[2m06.08.48[22m [36m[1m[react-router][22m[39m [32mConfig saved[39m
[2m06.08.52[22m [36m[1m[react-router][22m[39m [32mConfig saved[39m
[2m06.08.53[22m [36m[1m[react-router][22m[39m [32mConfig saved[39m
[2m06.09.13[22m [36m[1m[react-router][22m[39m [32mConfig saved[39m
[2m06.09.13[22m [36m[1m[react-router][22m[39m [32mConfig saved[39m
[2m06.09.18[22m [36m[1m[react-router][22m[39m [32mConfig saved[39m
[2m06.09.18[22m [36m[1m[react-router][22m[39m [32mConfig saved[39m
[2m06.09.25[22m [36m[1m[react-router][22m[39m [32mConfig saved[39m
[2m06.09.25[22m [36m[1m[react-router][22m[39m [32mConfig saved[39m
[2m06.09.31[22m [36m[1m[react-router][22m[39m [32mConfig saved[39m
[2m06.09.31[22m [36m[1m[react-router][22m[39m [32mConfig saved[39m
[2m06.09.36[22m [36m[1m[react-router][22m[39m [32mConfig saved[39m
[2m06.09.36[22m [36m[1m[react-router][22m[39m [32mConfig saved[39m
[2m06.09.45[22m [36m[1m[react-router][22m[39m [32mConfig saved[39m
[2m06.09.45[22m [36m[1m[react-router][22m[39m [32mConfig saved[39m
[2m06.09.51[22m [36m[1m[react-router][22m[39m [32mConfig saved[39m
[2m06.09.51[22m [36m[1m[react-router][22m[39m [32mConfig saved[39m
[2m06.09.58[22m [36m[1m[react-router][22m[39m [32mConfig saved[39m
[2m06.09.58[22m [36m[1m[react-router][22m[39m [32mConfig saved[39m
[2m06.10.03[22m [36m[1m[react-router][22m[39m [32mConfig saved[39m
[2m06.10.03[22m [36m[1m[react-router][22m[39m [32mConfig saved[39m
[2m06.10.18[22m [36m[1m[react-router][22m[39m [32mConfig saved[39m
[2m06.10.18[22m [36m[1m[react-router][22m[39m [32mConfig saved[39m
[2m06.10.47[22m [36m[1m[react-router][22m[39m [32mConfig saved[39m
[2m06.10.47[22m [36m[1m[react-router][22m[39m [32mConfig saved[39m
[2m06.11.24[22m [36m[1m[react-router][22m[39m [32mConfig saved[39m
[2m06.11.24[22m [36m[1m[react-router][22m[39m [32mConfig saved[39m
[2m06.11.29[22m [36m[1m[react-router][22m[39m [32mConfig saved[39m
[2m06.11.29[22m [36m[1m[react-router][22m[39m [32mConfig saved[39m
[2m06.11.34[22m [36m[1m[react-router][22m[39m [32mConfig saved[39m
[2m06.11.34[22m [36m[1m[react-router][22m[39m [32mConfig saved[39m
[2m06.22.37[22m [36m[1m[react-router][22m[39m [32mConfig saved[39m
[2m06.22.37[22m [36m[1m[react-router][22m[39m [32mConfig saved[39m
[2m06.27.01[22m [36m[1m[react-router][22m[39m [32mConfig saved[39m
[2m06.27.01[22m [36m[1m[react-router][22m[39m [32mConfig saved[39m
[2m06.36.17[22m [36m[1m[react-router][22m[39m [32mConfig saved[39m
[2m06.36.17[22m [36m[1m[react-router][22m[39m [32mConfig saved[39m
[2m06.36.23[22m [36m[1m[react-router][22m[39m [32mConfig saved[39m
[2m06.36.23[22m [36m[1m[react-router][22m[39m [32mConfig saved[39m
[2m06.36.27[22m [36m[1m[react-router][22m[39m [32mConfig saved[39m
[2m06.36.28[22m [36m[1m[react-router][22m[39m [32mConfig saved[39m
[2m06.37.17[22m [36m[1m[vite][22m[39m [90m[2m(client)[22m[39m [32mpage reload [39m[2mgraphify-out/graph.html[22m
[2m07.40.12[22m [36m[1m[react-router][22m[39m [32mConfig saved[39m
[2m07.41.56[22m [36m[1m[react-router][22m[39m [32mConfig saved[39m
[2m08.30.10[22m [36m[1m[react-router][22m[39m [32mConfig saved[39m
[2m08.30.22[22m [36m[1m[react-router][22m[39m [32mConfig saved[39m
[2m08.33.42[22m [36m[1m[react-router][22m[39m [32mConfig saved[39m
[2m08.34.03[22m [36m[1m[react-router][22m[39m [32mConfig saved[39m
[2m08.37.02[22m [36m[1m[react-router][22m[39m [32mConfig saved[39m
[2m10.19.43[22m [36m[1m[react-router][22m[39m [32mConfig saved[39m
[2m10.23.08[22m [36m[1m[react-router][22m[39m [32mConfig saved[39m
[2m11.13.19[22m [36m[1m[react-router][22m[39m [32mConfig saved[39m
[2m11.13.19[22m [36m[1m[react-router][22m[39m [32mConfig saved[39m
[2m11.13.32[22m [36m[1m[react-router][22m[39m [32mConfig saved[39m
[2m11.13.32[22m [36m[1m[react-router][22m[39m [32mConfig saved[39m
[2m11.13.53[22m [36m[1m[react-router][22m[39m [32mConfig saved[39m
[2m11.13.53[22m [36m[1m[react-router][22m[39m [32mConfig saved[39m
[2m11.14.01[22m [36m[1m[react-router][22m[39m [32mConfig saved[39m
[2m11.14.02[22m [36m[1m[react-router][22m[39m [32mConfig saved[39m
[2m11.14.09[22m [36m[1m[react-router][22m[39m [32mConfig saved[39m
[2m11.14.09[22m [36m[1m[react-router][22m[39m [32mConfig saved[39m
[2m11.15.39[22m [36m[1m[react-router][22m[39m [32mConfig saved[39m
[2m11.15.39[22m [36m[1m[react-router][22m[39m [32mConfig saved[39m
[2m11.16.07[22m [36m[1m[react-router][22m[39m [32mConfig saved[39m
[2m11.16.07[22m [36m[1m[react-router][22m[39m [32mConfig saved[39m
[2m11.16.10[22m [36m[1m[react-router][22m[39m [32mConfig saved[39m
[2m11.16.10[22m [36m[1m[react-router][22m[39m [32mConfig saved[39m
[2m11.16.55[22m [36m[1m[react-router][22m[39m [32mConfig saved[39m
[2m11.16.55[22m [36m[1m[react-router][22m[39m [32mConfig saved[39m
[2m11.17.01[22m [36m[1m[react-router][22m[39m [32mConfig saved[39m
[2m11.17.01[22m [36m[1m[react-router][22m[39m [32mConfig saved[39m
[2m11.17.07[22m [36m[1m[react-router][22m[39m [32mConfig saved[39m
[2m11.17.07[22m [36m[1m[react-router][22m[39m [32mConfig saved[39m
[2m11.17.29[22m [36m[1m[react-router][22m[39m [32mConfig saved[39m
[2m11.17.29[22m [36m[1m[react-router][22m[39m [32mConfig saved[39m
[2m11.17.35[22m [36m[1m[react-router][22m[39m [32mConfig saved[39m
[2m11.17.35[22m [36m[1m[react-router][22m[39m [32mConfig saved[39m
[2m11.17.35[22m [36m[1m[react-router][22m[39m [32mConfig saved[39m
[2m11.17.35[22m [36m[1m[react-router][22m[39m [32mConfig saved[39m
[2m11.17.36[22m [36m[1m[react-router][22m[39m [32mConfig saved[39m
[2m11.17.36[22m [36m[1m[react-router][22m[39m [32mConfig saved[39m
[2m11.17.44[22m [36m[1m[react-router][22m[39m [32mConfig saved[39m
[2m11.17.45[22m [36m[1m[react-router][22m[39m [32mConfig saved[39m
[2m11.19.10[22m [36m[1m[vite][22m[39m [90m[2m(client)[22m[39m [32mpage reload [39m[2mgraphify-out/graph.html[22m
[2m11.26.14[22m [36m[1m[react-router][22m[39m [32mConfig saved[39m
[2m11.26.14[22m [36m[1m[react-router][22m[39m [32mConfig saved[39m
[2m11.26.14[22m [36m[1m[react-router][22m[39m [32mConfig saved[39m
[2m11.26.23[22m [36m[1m[react-router][22m[39m [32mConfig saved[39m
[2m11.26.23[22m [36m[1m[react-router][22m[39m [32mConfig saved[39m
[2m11.26.29[22m [36m[1m[react-router][22m[39m [32mConfig saved[39m
[2m11.26.29[22m [36m[1m[react-router][22m[39m [32mConfig saved[39m
[2m11.26.40[22m [36m[1m[react-router][22m[39m [32mConfig saved[39m
[2m11.26.40[22m [36m[1m[react-router][22m[39m [32mConfig saved[39m
[2m11.27.02[22m [36m[1m[react-router][22m[39m [32mConfig saved[39m
[2m11.27.02[22m [36m[1m[react-router][22m[39m [32mConfig saved[39m
[2m11.40.24[22m [36m[1m[react-router][22m[39m [32mConfig saved[39m
[2m11.40.24[22m [36m[1m[react-router][22m[39m [32mConfig saved[39m
[2m11.53.50[22m [36m[1m[react-router][22m[39m [32mConfig saved[39m
[2m11.53.50[22m [36m[1m[react-router][22m[39m [32mConfig saved[39m
[2m11.54.13[22m [36m[1m[react-router][22m[39m [32mConfig saved[39m
[2m11.54.13[22m [36m[1m[react-router][22m[39m [32mConfig saved[39m
[2m11.54.59[22m [36m[1m[vite][22m[39m [90m[2m(client)[22m[39m [32mpage reload [39m[2mgraphify-out/graph.html[22m
[33mFile watcher error: EPERM: operation not permitted, watch[39m
[33mFile watcher error: EPERM: operation not permitted, watch[39m
[2m16.10.17[22m [36m[1m[react-router][22m[39m [32mConfig saved[39m
[2m16.10.17[22m [36m[1m[react-router][22m[39m [32mConfig saved[39m
[2m16.10.20[22m [36m[1m[react-router][22m[39m [32mConfig saved[39m
[2m16.10.20[22m [36m[1m[react-router][22m[39m [32mConfig saved[39m
[2m16.11.44[22m [36m[1m[vite][22m[39m changed tsconfig file detected: C:/Code/miniproject/FE-MonarchWealthManagementSystem/tsconfig.json - Clearing cache and forcing full-reload to ensure TypeScript is compiled with updated config values.
[2m16.11.44[22m [36m[1m[vite][22m[39m changed tsconfig file detected: C:/Code/miniproject/FE-MonarchWealthManagementSystem/tsconfig.json - Clearing cache and forcing full-reload to ensure TypeScript is compiled with updated config values.
[2m16.12.55[22m [36m[1m[react-router][22m[39m [32mConfig saved[39m
[2m16.12.55[22m [36m[1m[react-router][22m[39m [32mConfig saved[39m
[2m16.13.03[22m [36m[1m[react-router][22m[39m [32mConfig saved[39m
[2m16.13.03[22m [36m[1m[react-router][22m[39m [32mConfig saved[39m
[2m16.14.08[22m [36m[1m[vite][22m[39m [90m[2m(client)[22m[39m [32mpage reload [39m[2mgraphify-out/graph.html[22m
[2m17.06.24[22m [36m[1m[react-router][22m[39m [32mConfig saved[39m
[2m17.06.24[22m [36m[1m[react-router][22m[39m [32mConfig saved[39m
[2m17.06.24[22m [36m[1m[react-router][22m[39m [32mConfig saved[39m
[2m17.06.35[22m [36m[1m[react-router][22m[39m [32mConfig saved[39m
[2m17.06.36[22m [36m[1m[react-router][22m[39m [32mConfig saved[39m
[2m17.06.36[22m [36m[1m[react-router][22m[39m [32mConfig saved[39m
[2m17.06.46[22m [36m[1m[react-router][22m[39m [32mConfig saved[39m
[2m17.06.46[22m [36m[1m[react-router][22m[39m [32mConfig saved[39m
[2m17.06.46[22m [36m[1m[react-router][22m[39m [32mConfig saved[39m
[2m17.06.53[22m [36m[1m[react-router][22m[39m [32mConfig saved[39m
[2m17.06.53[22m [36m[1m[react-router][22m[39m [32mConfig saved[39m
[2m17.06.53[22m [36m[1m[react-router][22m[39m [32mConfig saved[39m
[2m17.07.00[22m [36m[1m[react-router][22m[39m [32mConfig saved[39m
[2m17.07.00[22m [36m[1m[react-router][22m[39m [32mConfig saved[39m
[2m17.07.00[22m [36m[1m[react-router][22m[39m [32mConfig saved[39m
[2m17.07.06[22m [36m[1m[react-router][22m[39m [32mConfig saved[39m
[2m17.07.06[22m [36m[1m[react-router][22m[39m [32mConfig saved[39m
[2m17.07.06[22m [36m[1m[react-router][22m[39m [32mConfig saved[39m
[2m17.07.13[22m [36m[1m[react-router][22m[39m [32mConfig saved[39m
[2m17.07.13[22m [36m[1m[react-router][22m[39m [32mConfig saved[39m
[2m17.07.13[22m [36m[1m[react-router][22m[39m [32mConfig saved[39m
[2m17.07.20[22m [36m[1m[react-router][22m[39m [32mConfig saved[39m
[2m17.07.20[22m [36m[1m[react-router][22m[39m [32mConfig saved[39m
[2m17.07.20[22m [36m[1m[react-router][22m[39m [32mConfig saved[39m
[2m17.07.26[22m [36m[1m[react-router][22m[39m [32mConfig saved[39m
[2m17.07.26[22m [36m[1m[react-router][22m[39m [32mConfig saved[39m
[2m17.07.26[22m [36m[1m[react-router][22m[39m [32mConfig saved[39m
[2m17.07.33[22m [36m[1m[react-router][22m[39m [32mConfig saved[39m
[2m17.07.33[22m [36m[1m[react-router][22m[39m [32mConfig saved[39m
[2m17.07.33[22m [36m[1m[react-router][22m[39m [32mConfig saved[39m
[2m17.07.41[22m [36m[1m[react-router][22m[39m [32mConfig saved[39m
[2m17.07.41[22m [36m[1m[react-router][22m[39m [32mConfig saved[39m
[2m17.07.41[22m [36m[1m[react-router][22m[39m [32mConfig saved[39m
[2m17.07.50[22m [36m[1m[react-router][22m[39m [32mConfig saved[39m
[2m17.07.50[22m [36m[1m[react-router][22m[39m [32mConfig saved[39m
[2m17.07.50[22m [36m[1m[react-router][22m[39m [32mConfig saved[39m
[2m17.07.58[22m [36m[1m[react-router][22m[39m [32mConfig saved[39m
[2m17.07.58[22m [36m[1m[react-router][22m[39m [32mConfig saved[39m
[2m17.07.58[22m [36m[1m[react-router][22m[39m [32mConfig saved[39m
[2m17.08.12[22m [36m[1m[react-router][22m[39m [32mConfig saved[39m
[2m17.08.12[22m [36m[1m[react-router][22m[39m [32mConfig saved[39m
[2m17.08.12[22m [36m[1m[react-router][22m[39m [32mConfig saved[39m
[2m17.08.25[22m [36m[1m[react-router][22m[39m [32mConfig saved[39m
[2m17.08.25[22m [36m[1m[react-router][22m[39m [32mConfig saved[39m
[2m17.08.25[22m [36m[1m[react-router][22m[39m [32mConfig saved[39m
[2m17.08.36[22m [36m[1m[react-router][22m[39m [32mConfig saved[39m
[2m17.08.36[22m [36m[1m[react-router][22m[39m [32mConfig saved[39m
[2m17.08.36[22m [36m[1m[react-router][22m[39m [32mConfig saved[39m
[2m17.11.51[22m [36m[1m[react-router][22m[39m [32mConfig saved[39m
[2m17.11.51[22m [36m[1m[react-router][22m[39m [32mConfig saved[39m
[2m17.11.51[22m [36m[1m[react-router][22m[39m [32mConfig saved[39m
[2m17.11.51[22m [36m[1m[react-router][22m[39m [32mConfig saved[39m
[2m17.11.51[22m [36m[1m[react-router][22m[39m [32mConfig saved[39m
[2m17.11.51[22m [36m[1m[react-router][22m[39m [32mConfig saved[39m
[2m17.11.52[22m [36m[1m[react-router][22m[39m [32mConfig saved[39m
[2m17.11.52[22m [36m[1m[react-router][22m[39m [32mConfig saved[39m
[2m17.11.52[22m [36m[1m[react-router][22m[39m [32mConfig saved[39m
[2m17.11.52[22m [36m[1m[react-router][22m[39m [32mConfig saved[39m
[2m17.11.52[22m [36m[1m[react-router][22m[39m [32mConfig saved[39m
[2m17.11.52[22m [36m[1m[react-router][22m[39m [32mConfig saved[39m
[2m17.11.53[22m [36m[1m[react-router][22m[39m [32mConfig saved[39m
[2m17.11.53[22m [36m[1m[react-router][22m[39m [32mConfig saved[39m
[2m17.11.53[22m [36m[1m[react-router][22m[39m [32mConfig saved[39m
[2m17.11.53[22m [36m[1m[react-router][22m[39m [32mConfig saved[39m
[2m17.11.53[22m [36m[1m[react-router][22m[39m [32mConfig saved[39m
[2m17.11.53[22m [36m[1m[react-router][22m[39m [32mConfig saved[39m
[2m17.11.54[22m [36m[1m[react-router][22m[39m [32mConfig saved[39m
[2m17.11.54[22m [36m[1m[react-router][22m[39m [32mConfig saved[39m
[2m17.11.54[22m [36m[1m[react-router][22m[39m [32mConfig saved[39m
[2m17.11.54[22m [36m[1m[react-router][22m[39m [32mConfig saved[39m
[2m17.12.13[22m [36m[1m[react-router][22m[39m [32mConfig saved[39m
[2m17.12.13[22m [36m[1m[react-router][22m[39m [32mConfig saved[39m
[2m17.12.13[22m [36m[1m[react-router][22m[39m [32mConfig saved[39m
[2m17.12.19[22m [36m[1m[react-router][22m[39m [32mConfig saved[39m
[2m17.12.19[22m [36m[1m[react-router][22m[39m [32mConfig saved[39m
[2m17.12.19[22m [36m[1m[react-router][22m[39m [32mConfig saved[39m
[2m17.12.26[22m [36m[1m[react-router][22m[39m [32mConfig saved[39m
[2m17.12.26[22m [36m[1m[react-router][22m[39m [32mConfig saved[39m
[2m17.12.37[22m [36m[1m[react-router][22m[39m [32mConfig saved[39m
[2m17.12.37[22m [36m[1m[react-router][22m[39m [32mConfig saved[39m
[2m17.12.37[22m [36m[1m[react-router][22m[39m [32mConfig saved[39m
[2m17.12.49[22m [36m[1m[react-router][22m[39m [32mConfig saved[39m
[2m17.12.49[22m [36m[1m[react-router][22m[39m [32mConfig saved[39m
[2m17.12.49[22m [36m[1m[react-router][22m[39m [32mConfig saved[39m
[2m17.12.56[22m [36m[1m[react-router][22m[39m [32mConfig saved[39m
[2m17.12.56[22m [36m[1m[react-router][22m[39m [32mConfig saved[39m
[2m17.13.15[22m [36m[1m[react-router][22m[39m [32mConfig saved[39m
[2m17.13.15[22m [36m[1m[react-router][22m[39m [32mConfig saved[39m
[2m17.13.16[22m [36m[1m[react-router][22m[39m [32mConfig saved[39m
[2m17.13.16[22m [36m[1m[react-router][22m[39m [32mConfig saved[39m
[2m17.13.17[22m [36m[1m[react-router][22m[39m [32mConfig saved[39m
[2m17.13.18[22m [36m[1m[react-router][22m[39m [32mConfig saved[39m
[2m17.13.19[22m [36m[1m[react-router][22m[39m [32mConfig saved[39m
[2m17.13.19[22m [36m[1m[react-router][22m[39m [32mConfig saved[39m
[2m17.13.43[22m [36m[1m[react-router][22m[39m [32mConfig saved[39m
[2m17.13.44[22m [36m[1m[react-router][22m[39m [32mConfig saved[39m
[2m17.13.44[22m [36m[1m[react-router][22m[39m [32mConfig saved[39m
[2m17.13.45[22m [36m[1m[react-router][22m[39m [32mConfig saved[39m
[2m17.13.46[22m [36m[1m[react-router][22m[39m [32mConfig saved[39m
[2m17.13.46[22m [36m[1m[react-router][22m[39m [32mConfig saved[39m
[2m17.13.59[22m [36m[1m[react-router][22m[39m [32mConfig saved[39m
[2m17.13.59[22m [36m[1m[react-router][22m[39m [32mConfig saved[39m
[2m17.14.07[22m [36m[1m[react-router][22m[39m [32mConfig saved[39m
[2m17.14.07[22m [36m[1m[react-router][22m[39m [32mConfig saved[39m
[2m17.14.18[22m [36m[1m[react-router][22m[39m [32mConfig saved[39m
[2m17.14.19[22m [36m[1m[react-router][22m[39m [32mConfig saved[39m
[2m17.16.47[22m [36m[1m[react-router][22m[39m [32mConfig saved[39m
[2m17.17.11[22m [36m[1m[vite][22m[39m [90m[2m(client)[22m[39m [32mpage reload [39m[2mbuild/client/stats.html[22m
[2m17.17.17[22m [36m[1m[vite][22m[39m [90m[2m(client)[22m[39m [32mpage reload [39m[2mbuild/client/stats.html[22m
[2m17.17.19[22m [36m[1m[vite][22m[39m [90m[2m(client)[22m[39m [32mpage reload [39m[2mbuild/client/stats.html[22m
[2m17.20.36[22m [36m[1m[react-router][22m[39m [32mConfig saved[39m
[2m17.20.36[22m [36m[1m[react-router][22m[39m [32mConfig saved[39m
[2m17.20.36[22m [36m[1m[react-router][22m[39m [32mConfig saved[39m
[2m17.20.36[22m [36m[1m[react-router][22m[39m [32mConfig saved[39m
[2m17.20.36[22m [36m[1m[react-router][22m[39m [32mConfig saved[39m
[2m17.20.36[22m [36m[1m[react-router][22m[39m [32mConfig saved[39m
[2m17.20.36[22m [36m[1m[react-router][22m[39m [32mConfig saved[39m
[2m17.20.36[22m [36m[1m[react-router][22m[39m [32mConfig saved[39m
[2m17.20.36[22m [36m[1m[react-router][22m[39m [32mConfig saved[39m
[2m17.20.36[22m [36m[1m[react-router][22m[39m [32mConfig saved[39m
[2m17.20.36[22m [36m[1m[react-router][22m[39m [32mConfig saved[39m
[2m17.20.36[22m [36m[1m[react-router][22m[39m [32mConfig saved[39m
[2m17.20.36[22m [36m[1m[react-router][22m[39m [32mConfig saved[39m
[2m17.20.36[22m [36m[1m[react-router][22m[39m [32mConfig saved[39m
[2m17.20.36[22m [36m[1m[react-router][22m[39m [32mConfig saved[39m
[2m17.20.36[22m [36m[1m[react-router][22m[39m [32mConfig saved[39m
[2m17.20.36[22m [36m[1m[react-router][22m[39m [32mConfig saved[39m
[2m17.20.36[22m [36m[1m[react-router][22m[39m [32mConfig saved[39m
[2m17.20.36[22m [36m[1m[react-router][22m[39m [32mConfig saved[39m
[2m17.20.36[22m [36m[1m[react-router][22m[39m [32mConfig saved[39m
[2m17.20.36[22m [36m[1m[react-router][22m[39m [32mConfig saved[39m
[2m17.20.36[22m [36m[1m[react-router][22m[39m [32mConfig saved[39m
[2m17.20.36[22m [36m[1m[react-router][22m[39m [32mConfig saved[39m
[2m17.20.37[22m [36m[1m[react-router][22m[39m [32mConfig saved[39m
[2m17.20.37[22m [36m[1m[react-router][22m[39m [32mConfig saved[39m
[2m17.20.37[22m [36m[1m[react-router][22m[39m [32mConfig saved[39m
[2m17.20.37[22m [36m[1m[react-router][22m[39m [32mConfig saved[39m
[2m17.20.37[22m [36m[1m[react-router][22m[39m [32mConfig saved[39m
[2m17.20.37[22m [36m[1m[react-router][22m[39m [32mConfig saved[39m
[2m17.20.37[22m [36m[1m[react-router][22m[39m [32mConfig saved[39m
[2m17.20.37[22m [36m[1m[react-router][22m[39m [32mConfig saved[39m
[2m17.20.37[22m [36m[1m[react-router][22m[39m [32mConfig saved[39m
[2m17.20.37[22m [36m[1m[react-router][22m[39m [32mConfig saved[39m
[2m17.20.37[22m [36m[1m[react-router][22m[39m [32mConfig saved[39m
[2m17.20.37[22m [36m[1m[react-router][22m[39m [32mConfig saved[39m
[2m17.20.37[22m [36m[1m[react-router][22m[39m [32mConfig saved[39m
[2m17.20.37[22m [36m[1m[react-router][22m[39m [32mConfig saved[39m
[2m17.20.37[22m [36m[1m[react-router][22m[39m [32mConfig saved[39m
[2m17.20.37[22m [36m[1m[react-router][22m[39m [32mConfig saved[39m
[2m17.20.37[22m [36m[1m[react-router][22m[39m [32mConfig saved[39m
[2m17.20.37[22m [36m[1m[react-router][22m[39m [32mConfig saved[39m
[2m17.20.37[22m [36m[1m[react-router][22m[39m [32mConfig saved[39m
[2m17.20.37[22m [36m[1m[react-router][22m[39m [32mConfig saved[39m
[2m17.20.37[22m [36m[1m[react-router][22m[39m [32mConfig saved[39m
[2m17.20.37[22m [36m[1m[react-router][22m[39m [32mConfig saved[39m
[2m17.20.37[22m [36m[1m[react-router][22m[39m [32mConfig saved[39m
[2m17.20.37[22m [36m[1m[react-router][22m[39m [32mConfig saved[39m
[2m17.20.37[22m [36m[1m[react-router][22m[39m [32mConfig saved[39m
[2m17.20.37[22m [36m[1m[react-router][22m[39m [32mConfig saved[39m
[2m17.20.37[22m [36m[1m[react-router][22m[39m [32mConfig saved[39m
[2m17.20.37[22m [36m[1m[react-router][22m[39m [32mConfig saved[39m
[2m17.20.37[22m [36m[1m[react-router][22m[39m [32mConfig saved[39m
[2m17.20.38[22m [36m[1m[react-router][22m[39m [32mConfig saved[39m
[2m17.20.38[22m [36m[1m[react-router][22m[39m [32mConfig saved[39m
[2m17.20.38[22m [36m[1m[react-router][22m[39m [32mConfig saved[39m
[2m17.20.38[22m [36m[1m[react-router][22m[39m [32mConfig saved[39m
[2m17.20.38[22m [36m[1m[react-router][22m[39m [32mConfig saved[39m
[2m17.20.38[22m [36m[1m[react-router][22m[39m [32mConfig saved[39m
[2m17.20.38[22m [36m[1m[react-router][22m[39m [32mConfig saved[39m
[2m17.20.38[22m [36m[1m[react-router][22m[39m [32mConfig saved[39m
[2m17.20.38[22m [36m[1m[react-router][22m[39m [32mConfig saved[39m
[2m17.20.38[22m [36m[1m[react-router][22m[39m [32mConfig saved[39m
[2m17.20.38[22m [36m[1m[react-router][22m[39m [32mConfig saved[39m
[2m17.20.38[22m [36m[1m[react-router][22m[39m [32mConfig saved[39m
[2m17.20.38[22m [36m[1m[react-router][22m[39m [32mConfig saved[39m
[2m17.20.38[22m [36m[1m[react-router][22m[39m [32mConfig saved[39m
[2m17.20.38[22m [36m[1m[react-router][22m[39m [32mConfig saved[39m
[2m17.20.38[22m [36m[1m[react-router][22m[39m [32mConfig saved[39m
[2m17.20.38[22m [36m[1m[react-router][22m[39m [32mConfig saved[39m
[2m17.20.38[22m [36m[1m[react-router][22m[39m [32mConfig saved[39m
[2m17.20.38[22m [36m[1m[react-router][22m[39m [32mConfig saved[39m
[2m17.20.38[22m [36m[1m[react-router][22m[39m [32mConfig saved[39m
[2m17.20.38[22m [36m[1m[react-router][22m[39m [32mConfig saved[39m
[2m17.20.38[22m [36m[1m[react-router][22m[39m [32mConfig saved[39m
[2m17.20.38[22m [36m[1m[react-router][22m[39m [32mConfig saved[39m
[2m17.20.38[22m [36m[1m[react-router][22m[39m [32mConfig saved[39m
[2m17.20.38[22m [36m[1m[react-router][22m[39m [32mConfig saved[39m
[2m17.20.38[22m [36m[1m[react-router][22m[39m [32mConfig saved[39m
[2m17.20.38[22m [36m[1m[react-router][22m[39m [32mConfig saved[39m
[2m17.20.38[22m [36m[1m[react-router][22m[39m [32mConfig saved[39m
[2m17.20.38[22m [36m[1m[react-router][22m[39m [32mConfig saved[39m
[2m17.20.38[22m [36m[1m[react-router][22m[39m [32mConfig saved[39m
[2m17.20.38[22m [36m[1m[react-router][22m[39m [32mConfig saved[39m
[2m17.20.38[22m [36m[1m[react-router][22m[39m [32mConfig saved[39m
[2m17.20.38[22m [36m[1m[react-router][22m[39m [32mConfig saved[39m
[2m17.20.39[22m [36m[1m[react-router][22m[39m [32mConfig saved[39m
[2m17.20.39[22m [36m[1m[react-router][22m[39m [32mConfig saved[39m
[2m17.20.39[22m [36m[1m[react-router][22m[39m [32mConfig saved[39m
[2m17.20.39[22m [36m[1m[react-router][22m[39m [32mConfig saved[39m
[2m17.20.39[22m [36m[1m[react-router][22m[39m [32mConfig saved[39m
[2m17.20.39[22m [36m[1m[react-router][22m[39m [32mConfig saved[39m
[2m17.20.39[22m [36m[1m[react-router][22m[39m [32mConfig saved[39m
[2m17.20.39[22m [36m[1m[react-router][22m[39m [32mConfig saved[39m
[2m17.20.39[22m [36m[1m[react-router][22m[39m [32mConfig saved[39m
[2m17.20.39[22m [36m[1m[react-router][22m[39m [32mConfig saved[39m
[2m17.20.39[22m [36m[1m[react-router][22m[39m [32mConfig saved[39m
[2m17.20.39[22m [36m[1m[react-router][22m[39m [32mConfig saved[39m
[2m17.20.39[22m [36m[1m[react-router][22m[39m [32mConfig saved[39m
[2m17.20.39[22m [36m[1m[react-router][22m[39m [32mConfig saved[39m
[2m17.20.39[22m [36m[1m[react-router][22m[39m [32mConfig saved[39m
[2m17.20.39[22m [36m[1m[react-router][22m[39m [32mConfig saved[39m
[2m17.20.39[22m [36m[1m[react-router][22m[39m [32mConfig saved[39m
[2m17.20.39[22m [36m[1m[react-router][22m[39m [32mConfig saved[39m
[2m17.20.39[22m [36m[1m[react-router][22m[39m [32mConfig saved[39m
[2m17.20.39[22m [36m[1m[react-router][22m[39m [32mConfig saved[39m
[2m17.20.39[22m [36m[1m[react-router][22m[39m [32mConfig saved[39m
[2m17.20.39[22m [36m[1m[react-router][22m[39m [32mConfig saved[39m
[2m17.20.39[22m [36m[1m[react-router][22m[39m [32mConfig saved[39m
[2m17.20.39[22m [36m[1m[react-router][22m[39m [32mConfig saved[39m
[2m17.20.39[22m [36m[1m[react-router][22m[39m [32mConfig saved[39m
[2m17.20.40[22m [36m[1m[react-router][22m[39m [32mConfig saved[39m
[2m17.20.40[22m [36m[1m[react-router][22m[39m [32mConfig saved[39m
[2m17.20.40[22m [36m[1m[react-router][22m[39m [32mConfig saved[39m
[2m17.20.40[22m [36m[1m[react-router][22m[39m [32mConfig saved[39m
[2m17.20.40[22m [36m[1m[react-router][22m[39m [32mConfig saved[39m
[2m17.20.40[22m [36m[1m[react-router][22m[39m [32mConfig saved[39m
[2m17.20.40[22m [36m[1m[react-router][22m[39m [32mConfig saved[39m
[2m17.20.40[22m [36m[1m[react-router][22m[39m [32mConfig saved[39m
[2m17.20.40[22m [36m[1m[react-router][22m[39m [32mConfig saved[39m
[2m17.20.40[22m [36m[1m[react-router][22m[39m [32mConfig saved[39m
[2m17.20.40[22m [36m[1m[react-router][22m[39m [32mConfig saved[39m
[2m17.20.40[22m [36m[1m[react-router][22m[39m [32mConfig saved[39m
[2m17.20.40[22m [36m[1m[react-router][22m[39m [32mConfig saved[39m
[2m17.20.40[22m [36m[1m[react-router][22m[39m [32mConfig saved[39m
[2m17.22.02[22m [36m[1m[react-router][22m[39m [32mConfig saved[39m
[2m17.22.02[22m [36m[1m[react-router][22m[39m [32mConfig saved[39m
[2m17.22.02[22m [36m[1m[react-router][22m[39m [32mConfig saved[39m
[2m17.22.07[22m [36m[1m[react-router][22m[39m [32mConfig saved[39m
[2m17.22.07[22m [36m[1m[react-router][22m[39m [32mConfig saved[39m
[2m17.22.07[22m [36m[1m[react-router][22m[39m [32mConfig saved[39m
[2m17.22.13[22m [36m[1m[react-router][22m[39m [32mConfig saved[39m
[2m17.22.13[22m [36m[1m[react-router][22m[39m [32mConfig saved[39m
[2m17.22.13[22m [36m[1m[react-router][22m[39m [32mConfig saved[39m
[2m17.22.19[22m [36m[1m[react-router][22m[39m [32mConfig saved[39m
[2m17.22.19[22m [36m[1m[react-router][22m[39m [32mConfig saved[39m
[2m17.22.19[22m [36m[1m[react-router][22m[39m [32mConfig saved[39m
[2m17.22.26[22m [36m[1m[react-router][22m[39m [32mConfig saved[39m
[2m17.22.26[22m [36m[1m[react-router][22m[39m [32mConfig saved[39m
[2m17.22.26[22m [36m[1m[react-router][22m[39m [32mConfig saved[39m
[2m17.22.32[22m [36m[1m[react-router][22m[39m [32mConfig saved[39m
[2m17.22.32[22m [36m[1m[react-router][22m[39m [32mConfig saved[39m
[2m17.22.32[22m [36m[1m[react-router][22m[39m [32mConfig saved[39m
[2m17.22.38[22m [36m[1m[react-router][22m[39m [32mConfig saved[39m
[2m17.22.39[22m [36m[1m[react-router][22m[39m [32mConfig saved[39m
[2m17.22.39[22m [36m[1m[react-router][22m[39m [32mConfig saved[39m
[2m17.22.50[22m [36m[1m[react-router][22m[39m [32mConfig saved[39m
[2m17.22.50[22m [36m[1m[react-router][22m[39m [32mConfig saved[39m
[2m17.23.09[22m [36m[1m[react-router][22m[39m [32mConfig saved[39m
[2m17.23.09[22m [36m[1m[react-router][22m[39m [32mConfig saved[39m
[2m17.23.09[22m [36m[1m[react-router][22m[39m [32mConfig saved[39m
[2m17.24.08[22m [36m[1m[vite][22m[39m [90m[2m(client)[22m[39m [32mpage reload [39m[2mbuild/client/stats.html[22m
[2m17.24.10[22m [36m[1m[vite][22m[39m [90m[2m(client)[22m[39m [32mpage reload [39m[2mbuild/client/stats.html[22m
[2m17.24.10[22m [36m[1m[vite][22m[39m [90m[2m(client)[22m[39m [32mpage reload [39m[2mbuild/client/stats.html[22m
[2m17.24.22[22m [36m[1m[react-router][22m[39m [32mConfig saved[39m
[2m17.24.22[22m [36m[1m[react-router][22m[39m [32mConfig saved[39m
[2m17.24.29[22m [36m[1m[react-router][22m[39m [32mConfig saved[39m
[2m17.24.29[22m [36m[1m[react-router][22m[39m [32mConfig saved[39m
[2m17.24.38[22m [36m[1m[react-router][22m[39m [32mConfig saved[39m
[2m17.24.38[22m [36m[1m[react-router][22m[39m [32mConfig saved[39m
[2m17.24.47[22m [36m[1m[react-router][22m[39m [32mConfig saved[39m
[2m17.24.47[22m [36m[1m[react-router][22m[39m [32mConfig saved[39m
[2m17.24.56[22m [36m[1m[react-router][22m[39m [32mConfig saved[39m
[2m17.24.57[22m [36m[1m[react-router][22m[39m [32mConfig saved[39m
[2m17.25.06[22m [36m[1m[react-router][22m[39m [32mConfig saved[39m
[2m17.25.06[22m [36m[1m[react-router][22m[39m [32mConfig saved[39m
[2m17.25.14[22m [36m[1m[react-router][22m[39m [32mConfig saved[39m
[2m17.25.15[22m [36m[1m[react-router][22m[39m [32mConfig saved[39m
[2m17.25.27[22m [36m[1m[react-router][22m[39m [32mConfig saved[39m
[2m17.25.28[22m [36m[1m[react-router][22m[39m [32mConfig saved[39m
[2m17.25.39[22m [36m[1m[react-router][22m[39m [32mConfig saved[39m
[2m17.25.39[22m [36m[1m[react-router][22m[39m [32mConfig saved[39m
[2m17.33.05[22m [36m[1m[react-router][22m[39m [32mConfig saved[39m
[2m17.33.05[22m [36m[1m[react-router][22m[39m [32mConfig saved[39m
[2m17.33.12[22m [36m[1m[react-router][22m[39m [32mConfig saved[39m
[2m17.33.12[22m [36m[1m[react-router][22m[39m [32mConfig saved[39m
[2m17.33.36[22m [36m[1m[vite][22m[39m [90m[2m(client)[22m[39m [32mpage reload [39m[2mbuild/client/stats.html[22m
[2m17.33.38[22m [36m[1m[vite][22m[39m [90m[2m(client)[22m[39m [32mpage reload [39m[2mbuild/client/stats.html[22m
[2m17.33.39[22m [36m[1m[vite][22m[39m [90m[2m(client)[22m[39m [32mpage reload [39m[2mbuild/client/stats.html[22m
[2m17.35.21[22m [36m[1m[vite][22m[39m [90m[2m(client)[22m[39m [32mpage reload [39m[2mbuild/client/stats.html[22m
[2m17.35.23[22m [36m[1m[vite][22m[39m [90m[2m(client)[22m[39m [32mpage reload [39m[2mbuild/client/stats.html[22m
[2m17.35.23[22m [36m[1m[vite][22m[39m [90m[2m(client)[22m[39m [32mpage reload [39m[2mbuild/client/stats.html[22m
[2m17.37.13[22m [36m[1m[vite][22m[39m [90m[2m(client)[22m[39m [32mpage reload [39m[2mgraphify-out/graph.html[22m
[2m17.40.41[22m [36m[1m[vite][22m[39m [90m[2m(client)[22m[39m [32mpage reload [39m[2mbuild/client/stats.html[22m
[2m17.40.43[22m [36m[1m[vite][22m[39m [90m[2m(client)[22m[39m [32mpage reload [39m[2mbuild/client/stats.html[22m
[2m17.40.44[22m [36m[1m[vite][22m[39m [90m[2m(client)[22m[39m [32mpage reload [39m[2mbuild/client/stats.html[22m
[2m17.46.49[22m [36m[1m[react-router][22m[39m [32mConfig saved[39m
[2m17.46.50[22m [36m[1m[react-router][22m[39m [32mConfig saved[39m
[2m17.47.10[22m [36m[1m[react-router][22m[39m [32mConfig saved[39m
[2m17.47.10[22m [36m[1m[react-router][22m[39m [32mConfig saved[39m
[2m17.47.44[22m [36m[1m[react-router][22m[39m [32mConfig saved[39m
[2m17.47.44[22m [36m[1m[react-router][22m[39m [32mConfig saved[39m
[2m17.47.44[22m [36m[1m[react-router][22m[39m [32mConfig saved[39m
[2m17.48.05[22m [36m[1m[react-router][22m[39m [32mConfig saved[39m
[2m17.48.05[22m [36m[1m[react-router][22m[39m [32mConfig saved[39m
[2m17.48.30[22m [36m[1m[react-router][22m[39m [32mConfig saved[39m
[2m17.48.30[22m [36m[1m[react-router][22m[39m [32mConfig saved[39m
[2m17.48.36[22m [36m[1m[react-router][22m[39m [32mConfig saved[39m
[2m17.48.37[22m [36m[1m[react-router][22m[39m [32mConfig saved[39m
[2m17.48.49[22m [36m[1m[react-router][22m[39m [32mConfig saved[39m
[2m17.48.49[22m [36m[1m[react-router][22m[39m [32mConfig saved[39m
[2m17.49.01[22m [36m[1m[react-router][22m[39m [32mConfig saved[39m
[2m17.49.01[22m [36m[1m[react-router][22m[39m [32mConfig saved[39m
[2m17.49.29[22m [36m[1m[react-router][22m[39m [32mConfig saved[39m
[2m17.49.30[22m [36m[1m[react-router][22m[39m [32mConfig saved[39m
[2m17.51.16[22m [36m[1m[react-router][22m[39m [32mConfig saved[39m
[2m17.51.16[22m [36m[1m[react-router][22m[39m [32mConfig saved[39m
[2m17.51.23[22m [36m[1m[react-router][22m[39m [32mConfig saved[39m
[2m17.51.23[22m [36m[1m[react-router][22m[39m [32mConfig saved[39m
[2m17.51.36[22m [36m[1m[react-router][22m[39m [32mConfig saved[39m
[2m17.51.36[22m [36m[1m[react-router][22m[39m [32mConfig saved[39m
[2m17.51.43[22m [36m[1m[react-router][22m[39m [32mConfig saved[39m
[2m17.51.43[22m [36m[1m[react-router][22m[39m [32mConfig saved[39m
[2m17.51.49[22m [36m[1m[react-router][22m[39m [32mConfig saved[39m
[2m17.51.49[22m [36m[1m[react-router][22m[39m [32mConfig saved[39m
[2m17.51.55[22m [36m[1m[react-router][22m[39m [32mConfig saved[39m
[2m17.51.55[22m [36m[1m[react-router][22m[39m [32mConfig saved[39m
[2m17.52.08[22m [36m[1m[react-router][22m[39m [32mConfig saved[39m
[2m17.52.08[22m [36m[1m[react-router][22m[39m [32mConfig saved[39m
[2m17.52.15[22m [36m[1m[react-router][22m[39m [32mConfig saved[39m
[2m17.52.15[22m [36m[1m[react-router][22m[39m [32mConfig saved[39m
[2m17.52.21[22m [36m[1m[react-router][22m[39m [32mConfig saved[39m
[2m17.52.22[22m [36m[1m[react-router][22m[39m [32mConfig saved[39m
